2025-07-23 07:59:05.904 [INFO] [database-seeder] Starting database seeding process...
2025-07-23 07:59:05.906 [INFO] [database-seeder] Seeding stats...
2025-07-23 07:59:06.141 [INFO] [database-seeder] Upserted 15 stat records.
2025-07-23 07:59:06.145 [INFO] [database-seeder] Finished seeding stats.
2025-07-23 07:59:06.147 [INFO] [database-seeder] Seeding mod sets...
2025-07-23 07:59:06.221 [INFO] [database-seeder] Upserted 8 mod set records.
2025-07-23 07:59:06.222 [INFO] [database-seeder] Finished seeding mod sets.
2025-07-23 07:59:06.224 [INFO] [database-seeder] Seeding mod shapes...
2025-07-23 07:59:06.279 [INFO] [database-seeder] Upserted 6 mod shape records.
2025-07-23 07:59:06.281 [INFO] [database-seeder] Finished seeding mod shapes.
2025-07-23 07:59:06.283 [INFO] [database-seeder] Seeding mod qualities...
2025-07-23 07:59:06.329 [INFO] [database-seeder] Upserted 5 mod quality records.
2025-07-23 07:59:06.329 [INFO] [database-seeder] Finished seeding mod qualities.
2025-07-23 07:59:06.330 [INFO] [database-seeder] Seeding mod rarities...
2025-07-23 07:59:06.373 [INFO] [database-seeder] Upserted 6 mod rarity records.
2025-07-23 07:59:06.373 [INFO] [database-seeder] Finished seeding mod rarities.
2025-07-23 07:59:06.373 [INFO] [database-seeder] Seeding materials...
2025-07-23 07:59:06.505 [INFO] [database-seeder] Upserted 12 material records.
2025-07-23 07:59:06.506 [INFO] [database-seeder] Finished seeding materials.
2025-07-23 07:59:06.508 [INFO] [database-seeder] Seeding Mod Shape Primary Stats...
2025-07-23 07:59:06.547 [INFO] [database-seeder] Seeded 23 Mod Shape Primary Stat relationships.
2025-07-23 07:59:06.548 [INFO] [database-seeder] Finished seeding Mod Shape Primary Stats.
2025-07-23 07:59:06.550 [INFO] [database-seeder] Seeding Stat Roll Info...
2025-07-23 07:59:06.586 [INFO] [database-seeder] Seeded 72 Stat Roll Info records.
2025-07-23 07:59:06.587 [INFO] [database-seeder] Finished seeding Stat Roll Info.
2025-07-23 07:59:06.588 [INFO] [database-seeder] Seeding Leveling Costs...
2025-07-23 07:59:06.607 [INFO] [database-seeder] Seeded 30 Leveling Cost records.
2025-07-23 07:59:06.608 [INFO] [database-seeder] Finished seeding Leveling Costs.
2025-07-23 07:59:06.609 [INFO] [database-seeder] Seeding Slicing Actions...
2025-07-23 07:59:06.638 [INFO] [database-seeder] Seeded 9 Slicing Action records.
2025-07-23 07:59:06.639 [INFO] [database-seeder] Finished seeding Slicing Actions.
2025-07-23 07:59:06.640 [INFO] [database-seeder] Seeding Slicing Costs...
2025-07-23 07:59:06.679 [INFO] [database-seeder] Seeded 25 Slicing Cost records.
2025-07-23 07:59:06.680 [INFO] [database-seeder] Finished seeding Slicing Costs.
2025-07-23 07:59:06.681 [INFO] [database-seeder] Seeding Calibration Costs...
2025-07-23 07:59:06.703 [INFO] [database-seeder] Seeded 6 Calibration Cost records.
2025-07-23 07:59:06.703 [INFO] [database-seeder] Finished seeding Calibration Costs.
2025-07-23 07:59:06.703 [INFO] [database-seeder] Seeding process completed successfully.
2025-07-23 07:59:06.710 [INFO] [database-seeder] Prisma client disconnected.
